0 silly argv {
0 silly argv   _: [ 'run' ],
0 silly argv   scope: [ '@oyster/common', 'web' ],
0 silly argv   stream: true,
0 silly argv   parallel: true,
0 silly argv   lernaVersion: '3.22.1',
0 silly argv   '$0': 'node_modules/.bin/lerna',
0 silly argv   script: 'start'
0 silly argv }
1 notice cli v3.22.1
2 verbose rootPath /Users/chrise/metaplex/js
3 info versioning independent
4 info ci enabled
5 notice filter including ["@oyster/common","web"]
6 info filter [ '@oyster/common', 'web' ]
7 info Executing command in 2 packages: "yarn run start"
8 silly npmRunScript.stream [ 'start', [], '@oyster/common' ]
9 silly getExecOpts /Users/chrise/metaplex/js/packages/common undefined
10 silly npmRunScript.stream [ 'start', [], 'web' ]
11 silly getExecOpts /Users/chrise/metaplex/js/packages/web undefined
12 error Error: Command failed: yarn run start
12 error
12 error $ npm-run-all --parallel watch watch-css watch-css-src
12 error $ less-watch-compiler src/ dist/lib/
12 error $ less-watch-compiler src/ src/
12 error $ tsc --watch
12 error Watching directory for file changes.
12 error Watching directory for file changes.
12 error c下午4:16:34 - Starting compilation in watch mode...
12 error
12 error
12 error 下午4:16:47 - Found 0 errors. Watching for file changes.
12 error
12 error     at makeError (/Users/chrise/metaplex/js/node_modules/execa/index.js:174:9)
12 error     at /Users/chrise/metaplex/js/node_modules/execa/index.js:278:16
